# JRE version: OpenJDK Runtime Environment Corretto-17.0.6.10.1 (17.0.6+10) (build 17.0.6+10-LTS)
# Java VM: OpenJDK 64-Bit Server VM Corretto-17.0.6.10.1 (17.0.6+10-LTS, mixed mode, sharing, tiered, compressed oops, compressed class ptrs, g1 gc, windows-amd64)
GC Precious Log:
 CPUs: 4 total, 4 available
 Memory: 8110M
 Large Page Support: Disabled
 NUMA Support: Disabled
 Compressed Oops: Enabled (32-bit)
 Heap Region Size: 1M
 Heap Min Capacity: 8M
 Heap Initial Capacity: 128M
 Heap Max Capacity: 2028M
 Pre-touch: Disabled
 Parallel Workers: 4
 Concurrent Workers: 1
 Concurrent Refinement Workers: 4
 Periodic GC: Disabled
Heap:
 garbage-first heap   total 102400K, used 50812K [0x0000000081400000, 0x0000000100000000)
  region size 1024K, 19 young (19456K), 1 survivors (1024K)
 Metaspace       used 72928K, committed 73600K, reserved 1114112K
  class space    used 9469K, committed 9792K, reserved 1048576K
GC Heap History (20 events):
Event: 342.583 GC heap before
{Heap before GC invocations=165 (full 0):
 garbage-first heap   total 102400K, used 88691K [0x0000000081400000, 0x0000000100000000)
  region size 1024K, 56 young (57344K), 1 survivors (1024K)
 Metaspace       used 72928K, committed 73600K, reserved 1114112K
  class space    used 9469K, committed 9792K, reserved 1048576K
}
Event: 342.584 GC heap after
{Heap after GC invocations=166 (full 0):
 garbage-first heap   total 102400K, used 33397K [0x0000000081400000, 0x0000000100000000)
  region size 1024K, 1 young (1024K), 1 survivors (1024K)
 Metaspace       used 72928K, committed 73600K, reserved 1114112K
  class space    used 9469K, committed 9792K, reserved 1048576K
}
Event: 343.760 GC heap before
{Heap before GC invocations=166 (full 0):
 garbage-first heap   total 102400K, used 88693K [0x0000000081400000, 0x0000000100000000)
  region size 1024K, 56 young (57344K), 1 survivors (1024K)
 Metaspace       used 72928K, committed 73600K, reserved 1114112K
  class space    used 9469K, committed 9792K, reserved 1048576K
}
Event: 343.761 GC heap after
{Heap after GC invocations=167 (full 0):
 garbage-first heap   total 102400K, used 33381K [0x0000000081400000, 0x0000000100000000)
  region size 1024K, 1 young (1024K), 1 survivors (1024K)
 Metaspace       used 72928K, committed 73600K, reserved 1114112K
  class space    used 9469K, committed 9792K, reserved 1048576K
}
Event: 344.607 GC heap before
{Heap before GC invocations=167 (full 0):
 garbage-first heap   total 102400K, used 88677K [0x0000000081400000, 0x0000000100000000)
  region size 1024K, 56 young (57344K), 1 survivors (1024K)
 Metaspace       used 72928K, committed 73600K, reserved 1114112K
  class space    used 9469K, committed 9792K, reserved 1048576K
}
Event: 344.609 GC heap after
{Heap after GC invocations=168 (full 0):
 garbage-first heap   total 102400K, used 33396K [0x0000000081400000, 0x0000000100000000)
  region size 1024K, 1 young (1024K), 1 survivors (1024K)
 Metaspace       used 72928K, committed 73600K, reserved 1114112K
  class space    used 9469K, committed 9792K, reserved 1048576K
}
Event: 345.371 GC heap before
{Heap before GC invocations=168 (full 0):
 garbage-first heap   total 102400K, used 88692K [0x0000000081400000, 0x0000000100000000)
  region size 1024K, 56 young (57344K), 1 survivors (1024K)
 Metaspace       used 72928K, committed 73600K, reserved 1114112K
  class space    used 9469K, committed 9792K, reserved 1048576K
}
Event: 345.372 GC heap after
{Heap after GC invocations=169 (full 0):
 garbage-first heap   total 102400K, used 33395K [0x0000000081400000, 0x0000000100000000)
  region size 1024K, 1 young (1024K), 1 survivors (1024K)
 Metaspace       used 72928K, committed 73600K, reserved 1114112K
  class space    used 9469K, committed 9792K, reserved 1048576K
}
Event: 346.138 GC heap before
{Heap before GC invocations=169 (full 0):
 garbage-first heap   total 102400K, used 88691K [0x0000000081400000, 0x0000000100000000)
  region size 1024K, 56 young (57344K), 1 survivors (1024K)
 Metaspace       used 72928K, committed 73600K, reserved 1114112K
  class space    used 9469K, committed 9792K, reserved 1048576K
}
Event: 346.140 GC heap after
{Heap after GC invocations=170 (full 0):
 garbage-first heap   total 102400K, used 33376K [0x0000000081400000, 0x0000000100000000)
  region size 1024K, 1 young (1024K), 1 survivors (1024K)
 Metaspace       used 72928K, committed 73600K, reserved 1114112K
  class space    used 9469K, committed 9792K, reserved 1048576K
}
Event: 346.907 GC heap before
{Heap before GC invocations=170 (full 0):
 garbage-first heap   total 102400K, used 88672K [0x0000000081400000, 0x0000000100000000)
  region size 1024K, 56 young (57344K), 1 survivors (1024K)
 Metaspace       used 72928K, committed 73600K, reserved 1114112K
  class space    used 9469K, committed 9792K, reserved 1048576K
}
Event: 346.908 GC heap after
{Heap after GC invocations=171 (full 0):
 garbage-first heap   total 102400K, used 33392K [0x0000000081400000, 0x0000000100000000)
  region size 1024K, 1 young (1024K), 1 survivors (1024K)
 Metaspace       used 72928K, committed 73600K, reserved 1114112K
  class space    used 9469K, committed 9792K, reserved 1048576K
}
Event: 347.687 GC heap before
{Heap before GC invocations=171 (full 0):
 garbage-first heap   total 102400K, used 88688K [0x0000000081400000, 0x0000000100000000)
  region size 1024K, 56 young (57344K), 1 survivors (1024K)
 Metaspace       used 72928K, committed 73600K, reserved 1114112K
  class space    used 9469K, committed 9792K, reserved 1048576K
}
Event: 347.688 GC heap after
{Heap after GC invocations=172 (full 0):
 garbage-first heap   total 102400K, used 33388K [0x0000000081400000, 0x0000000100000000)
  region size 1024K, 1 young (1024K), 1 survivors (1024K)
 Metaspace       used 72928K, committed 73600K, reserved 1114112K
  class space    used 9469K, committed 9792K, reserved 1048576K
}
Event: 348.412 GC heap before
{Heap before GC invocations=172 (full 0):
 garbage-first heap   total 102400K, used 88684K [0x0000000081400000, 0x0000000100000000)
  region size 1024K, 56 young (57344K), 1 survivors (1024K)
 Metaspace       used 72928K, committed 73600K, reserved 1114112K
  class space    used 9469K, committed 9792K, reserved 1048576K
}
Event: 348.413 GC heap after
{Heap after GC invocations=173 (full 0):
 garbage-first heap   total 102400K, used 33390K [0x0000000081400000, 0x0000000100000000)
  region size 1024K, 1 young (1024K), 1 survivors (1024K)
 Metaspace       used 72928K, committed 73600K, reserved 1114112K
  class space    used 9469K, committed 9792K, reserved 1048576K
}
Event: 349.223 GC heap before
{Heap before GC invocations=173 (full 0):
 garbage-first heap   total 102400K, used 89710K [0x0000000081400000, 0x0000000100000000)
  region size 1024K, 56 young (57344K), 1 survivors (1024K)
 Metaspace       used 72928K, committed 73600K, reserved 1114112K
  class space    used 9469K, committed 9792K, reserved 1048576K
}
Event: 349.225 GC heap after
{Heap after GC invocations=174 (full 0):
 garbage-first heap   total 102400K, used 33382K [0x0000000081400000, 0x0000000100000000)
  region size 1024K, 1 young (1024K), 1 survivors (1024K)
 Metaspace       used 72928K, committed 73600K, reserved 1114112K
  class space    used 9469K, committed 9792K, reserved 1048576K
}
Event: 350.132 GC heap before
{Heap before GC invocations=174 (full 0):
 garbage-first heap   total 102400K, used 88678K [0x0000000081400000, 0x0000000100000000)
  region size 1024K, 56 young (57344K), 1 survivors (1024K)
 Metaspace       used 72928K, committed 73600K, reserved 1114112K
  class space    used 9469K, committed 9792K, reserved 1048576K
}
Event: 350.133 GC heap after
{Heap after GC invocations=175 (full 0):
 garbage-first heap   total 102400K, used 33380K [0x0000000081400000, 0x0000000100000000)
  region size 1024K, 1 young (1024K), 1 survivors (1024K)
 Metaspace       used 72928K, committed 73600K, reserved 1114112K
  class space    used 9469K, committed 9792K, reserved 1048576K
}

